<?xml version="1.0" encoding="UTF-8"?>
<testsuite name="objects.MethodTest" tests="2" skipped="0" failures="0" errors="0" timestamp="2017-03-27T09:36:33" hostname="PJ-PC" time="0.003">
  <properties/>
  <testcase name="deleteClass" classname="objects.MethodTest" time="0.001"/>
  <testcase name="getRealClass" classname="objects.MethodTest" time="0.001"/>
  <system-out><![CDATA[]]></system-out>
  <system-err><![CDATA[]]></system-err>
</testsuite>
