<?xml version="1.0" encoding="UTF-8"?>
<testsuite name="canvaswindow.VisualTests" tests="19" skipped="0" failures="0" errors="0" timestamp="2017-04-20T13:19:20" hostname="DESKTOP-RV67H71" time="14.642">
  <properties/>
  <testcase name="createTwoClassesTest" classname="canvaswindow.VisualTests" time="0.822"/>
  <testcase name="addAttributeTest" classname="canvaswindow.VisualTests" time="0.491"/>
  <testcase name="createAndSelectClassTest" classname="canvaswindow.VisualTests" time="0.251"/>
  <testcase name="deleteAssociationTest1" classname="canvaswindow.VisualTests" time="0.815"/>
  <testcase name="deleteAssociationTest2" classname="canvaswindow.VisualTests" time="1.107"/>
  <testcase name="deleteAssociationTest3" classname="canvaswindow.VisualTests" time="1.017"/>
  <testcase name="deleteAssociationTest4" classname="canvaswindow.VisualTests" time="1.278"/>
  <testcase name="removeParameterTest" classname="canvaswindow.VisualTests" time="0.913"/>
  <testcase name="deleteClassWithAssAndMethTest" classname="canvaswindow.VisualTests" time="1.934"/>
  <testcase name="addMethodeTest" classname="canvaswindow.VisualTests" time="1.24"/>
  <testcase name="changeClassNameTest" classname="canvaswindow.VisualTests" time="0.385"/>
  <testcase name="newClassTest" classname="canvaswindow.VisualTests" time="0.186"/>
  <testcase name="focusCheckBoxTest" classname="canvaswindow.VisualTests" time="0.288"/>
  <testcase name="selectMethodeTest" classname="canvaswindow.VisualTests" time="0.663"/>
  <testcase name="deleteClassTest" classname="canvaswindow.VisualTests" time="0.12"/>
  <testcase name="doubleClickTest" classname="canvaswindow.VisualTests" time="0.158"/>
  <testcase name="methodePrivateTest" classname="canvaswindow.VisualTests" time="0.552"/>
  <testcase name="addAssociationTest" classname="canvaswindow.VisualTests" time="1.874"/>
  <testcase name="selectAttrTest" classname="canvaswindow.VisualTests" time="0.528"/>
  <system-out><![CDATA[]]></system-out>
  <system-err><![CDATA[]]></system-err>
</testsuite>
