<?xml version="1.0" encoding="UTF-8"?>
<testsuite name="objects.MethodTest" tests="2" skipped="0" failures="0" errors="0" timestamp="2017-03-20T14:37:46" hostname="DESKTOP-RV67H71" time="0.002">
  <properties/>
  <testcase name="deleteClass" classname="objects.MethodTest" time="0.002"/>
  <testcase name="getRealClass" classname="objects.MethodTest" time="0.0"/>
  <system-out><![CDATA[]]></system-out>
  <system-err><![CDATA[]]></system-err>
</testsuite>
