<?xml version="1.0" encoding="UTF-8"?>
<testsuite name="canvaswindow.VisualTests" tests="17" skipped="0" failures="0" errors="0" timestamp="2017-03-27T09:35:36" hostname="PJ-PC" time="56.021">
  <properties/>
  <testcase name="deleteAttributeTest" classname="canvaswindow.VisualTests" time="3.839"/>
  <testcase name="createTwoClassesTest" classname="canvaswindow.VisualTests" time="1.671"/>
  <testcase name="addAttributeTest" classname="canvaswindow.VisualTests" time="1.933"/>
  <testcase name="createAndSelectClassTest" classname="canvaswindow.VisualTests" time="0.904"/>
  <testcase name="deleteAssociationTest1" classname="canvaswindow.VisualTests" time="6.225"/>
  <testcase name="deleteAssociationTest2" classname="canvaswindow.VisualTests" time="6.379"/>
  <testcase name="deleteAssociationTest3" classname="canvaswindow.VisualTests" time="6.01"/>
  <testcase name="deleteAssociationTest4" classname="canvaswindow.VisualTests" time="9.871"/>
  <testcase name="deleteClassWithAssAndMethTest" classname="canvaswindow.VisualTests" time="4.105"/>
  <testcase name="addMethodeTest" classname="canvaswindow.VisualTests" time="1.705"/>
  <testcase name="changeClassNameTest" classname="canvaswindow.VisualTests" time="2.708"/>
  <testcase name="newClassTest" classname="canvaswindow.VisualTests" time="0.67"/>
  <testcase name="selectMethodeTest" classname="canvaswindow.VisualTests" time="1.749"/>
  <testcase name="deleteClassTest" classname="canvaswindow.VisualTests" time="0.186"/>
  <testcase name="doubleClickTest" classname="canvaswindow.VisualTests" time="0.645"/>
  <testcase name="addAssociationTest" classname="canvaswindow.VisualTests" time="5.33"/>
  <testcase name="selectAttrTest" classname="canvaswindow.VisualTests" time="2.086"/>
  <system-out><![CDATA[]]></system-out>
  <system-err><![CDATA[]]></system-err>
</testsuite>
