<?xml version="1.0" encoding="UTF-8"?>
<testsuite name="objects.MethodTest" tests="2" skipped="0" failures="0" errors="0" timestamp="2017-03-20T12:22:51" hostname="PJ-PC" time="0.01">
  <properties/>
  <testcase name="deleteClass" classname="objects.MethodTest" time="0.006"/>
  <testcase name="getRealClass" classname="objects.MethodTest" time="0.001"/>
  <system-out><![CDATA[]]></system-out>
  <system-err><![CDATA[]]></system-err>
</testsuite>
